<?xml version="1.0" encoding="UTF-8" ?>
<testsuites>
  <testsuite errors="0" failures="0" hostname="homeLaptop-PC" id="0" name="QuoteServiceIntegrationTests" package="qotd" tests="1" time="0.709" timestamp="2012-11-15T23:36:26">
      <properties />

      <testcase classname="qotd.QuoteServiceIntegrationTests" name="testStaticQuote" time="0.685" />

      <system-out><![CDATA[]]></system-out>

      <system-err><![CDATA[--Output from testStaticQuote--
]]></system-err>

  </testsuite>
</testsuites>
